<?xml version="1.0" encoding="UTF-8"?>
<!-- Generated by org.testng.reporters.JUnitXMLReporter -->
<testsuite hostname="HCPLH1216LP1539" ignored="3" name="Test" tests="1" failures="0" timestamp="02 Jan 2019 11:28:02 GMT" time="0.584" errors="0">
  <testcase name="@AfterTest endTest" time="0.0" classname="testcases.AbsenceManagementTest">
    <failure type="java.lang.NullPointerException">
      <![CDATA[java.lang.NullPointerException
at testcases.AbsenceManagementTest.endTest(AbsenceManagementTest.java:68)
... Removed 24 stack frames]]>
    </failure>
  </testcase> <!-- @AfterTest endTest -->
  <testcase name="TestExcel1" time="0.537" classname="testcases.ExcelTest"/>
  <testcase name="execute" time="0.0" classname="testcases.AbsenceManagementTest">
    <ignored/>
  </testcase> <!-- execute -->
  <testcase name="loginJinzai" time="0.0" classname="testcases.LoginPageTest">
    <ignored/>
  </testcase> <!-- loginJinzai -->
  <testcase name="TestExcel" time="0.0" classname="testcases.ExcelTest">
    <ignored/>
  </testcase> <!-- TestExcel -->
</testsuite> <!-- Test -->
