<?xml version="1.0" encoding="UTF-8"?>
<testng-results skipped="0" failed="0" ignored="0" total="1" passed="1">
  <reporter-output>
  </reporter-output>
  <suite name="Default suite" duration-ms="25430" started-at="2018-11-05T11:57:19Z" finished-at="2018-11-05T11:57:45Z">
    <groups>
    </groups>
    <test name="Default test" duration-ms="25430" started-at="2018-11-05T11:57:19Z" finished-at="2018-11-05T11:57:45Z">
      <class name="testcases.LoginPageTest">
        <test-method status="PASS" signature="setup()[pri:0, instance:testcases.LoginPageTest@464bee09]" name="setup" is-config="true" duration-ms="11507" started-at="2018-11-05T11:57:19Z" finished-at="2018-11-05T11:57:31Z">
          <reporter-output>
          </reporter-output>
        </test-method> <!-- setup -->
        <test-method status="PASS" signature="loginJinzai()[pri:0, instance:testcases.LoginPageTest@464bee09]" name="loginJinzai" duration-ms="11792" started-at="2018-11-05T11:57:31Z" finished-at="2018-11-05T11:57:43Z">
          <reporter-output>
          </reporter-output>
        </test-method> <!-- loginJinzai -->
        <test-method status="PASS" signature="endtest()[pri:0, instance:testcases.LoginPageTest@464bee09]" name="endtest" is-config="true" duration-ms="2092" started-at="2018-11-05T11:57:43Z" finished-at="2018-11-05T11:57:45Z">
          <reporter-output>
          </reporter-output>
        </test-method> <!-- endtest -->
      </class> <!-- testcases.LoginPageTest -->
    </test> <!-- Default test -->
  </suite> <!-- Default suite -->
</testng-results>
